<?xml version="1.0" encoding="UTF-8"?>
<!-- Generated by org.testng.reporters.JUnitXMLReporter -->
<testsuite ignored="1" hostname="Ambu" failures="0" tests="7" name="Index_HTML_TestClassess" time="201.781" errors="0" timestamp="2022-10-19T12:43:33 IST">
  <testcase classname="TestPackage.VerifyRegisterAndVedioFunctionality" name="PersonalInfo" time="7.342"/>
  <testcase classname="TestPackage.VerifyRegisterAndVedioFunctionality" name="verifyYoutubeVedioPlay" time="6.874"/>
  <testcase classname="TestPackage.VerifyFramesFunctionalityTestNg" name="verifyMutipleFramesFunctionality" time="0.474"/>
  <testcase classname="TestPackage.VerifyFramesFunctionalityTestNg" name="verifySingleFrameFubctionality" time="2.41"/>
  <testcase classname="TestPackage.TestIndexClass" name="test" time="0.004"/>
  <testcase classname="TestPackage.VerifyPractiseSiteFunctionality" name="verifyKatalontutorial" time="52.959"/>
  <testcase classname="TestPackage.VerifyPractiseSiteFunctionality" name="verifySeleniumtutorial" time="6.1"/>
  <testcase classname="TestPackage.VerifyPractiseSiteFunctionality" name="verifymyAccount" time="0.0">
    <ignored/>
  </testcase> <!-- verifymyAccount -->
</testsuite> <!-- Index_HTML_TestClassess -->
