<?xml version="1.0" encoding="UTF-8"?>
<!-- Generated by org.testng.reporters.JUnitXMLReporter -->
<testsuite ignored="1" hostname="Ambu" failures="0" tests="7" name="ChromeTest" time="243.385" errors="0" timestamp="2022-10-27T15:45:19 IST">
  <testcase classname="TestPackage.VerifyRegisterAndVedioFunctionality" name="PersonalInfo" time="5.953"/>
  <testcase classname="TestPackage.VerifyRegisterAndVedioFunctionality" name="verifyYoutubeVedioPlay" time="28.247"/>
  <testcase classname="TestPackage.VerifyFramesFunctionalityTestNg" name="verifyMutipleFramesFunctionality" time="0.609"/>
  <testcase classname="TestPackage.VerifyFramesFunctionalityTestNg" name="verifySingleFrameFubctionality" time="2.428"/>
  <testcase classname="TestPackage.TestIndexClass" name="test" time="0.002"/>
  <testcase classname="TestPackage.VerifyPractiseSiteFunctionality" name="verifyKatalontutorial" time="17.49"/>
  <testcase classname="TestPackage.VerifyPractiseSiteFunctionality" name="verifySeleniumtutorial" time="7.95"/>
  <testcase classname="TestPackage.VerifyPractiseSiteFunctionality" name="verifymyAccount" time="0.0">
    <ignored/>
  </testcase> <!-- verifymyAccount -->
</testsuite> <!-- ChromeTest -->
