<?xml version="1.0" encoding="UTF-8"?>
<!-- Generated by org.testng.reporters.JUnitXMLReporter -->
<testsuite ignored="1" hostname="Ambu" failures="0" tests="6" name="EdgeTest" time="109.168" errors="0" timestamp="2022-11-02T13:57:58 IST">
  <testcase classname="TestPackage.VerifyFramesFunctionalityTestNg" name="verifyMutipleFramesFunctionality" time="0.77"/>
  <testcase classname="TestPackage.VerifyRegisterAndVedioFunctionality" name="PersonalInfo" time="10.931"/>
  <testcase classname="TestPackage.VerifyRegisterAndVedioFunctionality" name="verifyYoutubeVedioPlay" time="8.93"/>
  <testcase classname="TestPackage.VerifyPractiseSiteFunctionality" name="verifyKatalontutorial" time="7.124"/>
  <testcase classname="TestPackage.VerifyFramesFunctionalityTestNg" name="verifySingleFrameFubctionality" time="11.049"/>
  <testcase classname="TestPackage.VerifyPractiseSiteFunctionality" name="verifySeleniumtutorial" time="5.095"/>
  <testcase classname="TestPackage.VerifyPractiseSiteFunctionality" name="verifymyAccount" time="0.0">
    <ignored/>
  </testcase> <!-- verifymyAccount -->
</testsuite> <!-- EdgeTest -->
